  MFCAppDlg.cpp
c:\git-local\puppyrobot\mfcapp\mfcapp\mfcappdlg.cpp(251): warning C4996: 'itoa': The POSIX name for this item is deprecated. Instead, use the ISO C and C++ conformant name: _itoa. See online help for details.
  c:\program files (x86)\windows kits\10\include\10.0.10240.0\ucrt\stdlib.h(1316): note: 'itoa' 선언을 참조하십시오.
c:\git-local\puppyrobot\mfcapp\mfcapp\mfcappdlg.cpp(273): warning C4996: 'itoa': The POSIX name for this item is deprecated. Instead, use the ISO C and C++ conformant name: _itoa. See online help for details.
  c:\program files (x86)\windows kits\10\include\10.0.10240.0\ucrt\stdlib.h(1316): note: 'itoa' 선언을 참조하십시오.
c:\git-local\puppyrobot\mfcapp\mfcapp\mfcappdlg.cpp(296): warning C4996: 'itoa': The POSIX name for this item is deprecated. Instead, use the ISO C and C++ conformant name: _itoa. See online help for details.
  c:\program files (x86)\windows kits\10\include\10.0.10240.0\ucrt\stdlib.h(1316): note: 'itoa' 선언을 참조하십시오.
c:\git-local\puppyrobot\mfcapp\mfcapp\mfcappdlg.cpp(364): warning C4996: 'itoa': The POSIX name for this item is deprecated. Instead, use the ISO C and C++ conformant name: _itoa. See online help for details.
  c:\program files (x86)\windows kits\10\include\10.0.10240.0\ucrt\stdlib.h(1316): note: 'itoa' 선언을 참조하십시오.
c:\git-local\puppyrobot\mfcapp\mfcapp\mfcappdlg.cpp(386): warning C4996: 'itoa': The POSIX name for this item is deprecated. Instead, use the ISO C and C++ conformant name: _itoa. See online help for details.
  c:\program files (x86)\windows kits\10\include\10.0.10240.0\ucrt\stdlib.h(1316): note: 'itoa' 선언을 참조하십시오.
c:\git-local\puppyrobot\mfcapp\mfcapp\mfcappdlg.cpp(408): warning C4996: 'itoa': The POSIX name for this item is deprecated. Instead, use the ISO C and C++ conformant name: _itoa. See online help for details.
  c:\program files (x86)\windows kits\10\include\10.0.10240.0\ucrt\stdlib.h(1316): note: 'itoa' 선언을 참조하십시오.
c:\git-local\puppyrobot\mfcapp\mfcapp\mfcappdlg.cpp(430): warning C4996: 'itoa': The POSIX name for this item is deprecated. Instead, use the ISO C and C++ conformant name: _itoa. See online help for details.
  c:\program files (x86)\windows kits\10\include\10.0.10240.0\ucrt\stdlib.h(1316): note: 'itoa' 선언을 참조하십시오.
c:\git-local\puppyrobot\mfcapp\mfcapp\mfcappdlg.cpp(452): warning C4996: 'itoa': The POSIX name for this item is deprecated. Instead, use the ISO C and C++ conformant name: _itoa. See online help for details.
  c:\program files (x86)\windows kits\10\include\10.0.10240.0\ucrt\stdlib.h(1316): note: 'itoa' 선언을 참조하십시오.
c:\git-local\puppyrobot\mfcapp\mfcapp\mfcappdlg.cpp(469): warning C4996: 'itoa': The POSIX name for this item is deprecated. Instead, use the ISO C and C++ conformant name: _itoa. See online help for details.
  c:\program files (x86)\windows kits\10\include\10.0.10240.0\ucrt\stdlib.h(1316): note: 'itoa' 선언을 참조하십시오.
MFCAppDlg.obj : warning LNK4258: '/entry:WinMainCRTStartup' 지시문은 '/ENTRY:wWinMainCRTStartup' 스위치와 호환되지 않습니다. 무시됩니다.
  MFCApp.vcxproj -> C:\Git-Local\puppyRobot\MFCApp\Debug\MFCApp.exe
  MFCApp.vcxproj -> C:\Git-Local\puppyRobot\MFCApp\Debug\MFCApp.pdb (Partial PDB)
